<?xml version="1.0" encoding="UTF-8"?>
<!-- Generated by org.testng.reporters.JUnitXMLReporter -->
<testsuite ignored="0" hostname="LAPTOP-D23D5UM1" failures="0" tests="7" name="Default test" time="81.05" errors="0" timestamp="2022-10-11T16:31:04 IST">
  <testcase classname="com.demo.FlipkartTestChrome" name="closeLogin" time="0.843"/>
  <testcase classname="com.demo.FlipkartTestChrome" name="scroll" time="7.061"/>
  <testcase classname="com.demo.FlipkartTestChrome" name="searchProduct" time="5.735"/>
  <testcase classname="com.demo.FlipkartTestChrome" name="loadImage" time="10.92"/>
  <testcase classname="com.demo.FlipkartTestChrome" name="scrollFrequency" time="2.809"/>
  <testcase classname="com.demo.FlipkartTestChrome" name="downloadImages" time="0.467"/>
  <testcase classname="com.demo.FlipkartTestChrome" name="screenResolution" time="8.1"/>
</testsuite> <!-- Default test -->
