<?xml version="1.0" encoding="UTF-8"?>
<testng-results ignored="1" total="3" passed="2" failed="0" skipped="0">
  <reporter-output>
  </reporter-output>
  <suite started-at="2022-09-28T10:11:29 IST" name="Suite" finished-at="2022-09-28T10:11:29 IST" duration-ms="64">
    <groups>
    </groups>
    <test started-at="2022-09-28T10:11:29 IST" name="SmokeTests" finished-at="2022-09-28T10:11:29 IST" duration-ms="64">
      <class name="loanapplications.CarLoanAppTest">
        <test-method signature="CarLoanLoginWeb()[pri:0, instance:loanapplications.CarLoanAppTest@524d6d96]" started-at="2022-09-28T10:11:29 IST" name="CarLoanLoginWeb" finished-at="2022-09-28T10:11:29 IST" duration-ms="11" status="PASS">
          <reporter-output>
          </reporter-output>
        </test-method> <!-- CarLoanLoginWeb -->
        <test-method signature="CarLoanLoginApi()[pri:0, instance:loanapplications.CarLoanAppTest@524d6d96]" started-at="2022-09-28T10:11:29 IST" name="CarLoanLoginApi" finished-at="2022-09-28T10:11:29 IST" depends-on-methods="loanapplications.CarLoanAppTest.CarLoanLoginWeb" duration-ms="1" status="PASS">
          <reporter-output>
          </reporter-output>
        </test-method> <!-- CarLoanLoginApi -->
      </class> <!-- loanapplications.CarLoanAppTest -->
    </test> <!-- SmokeTests -->
  </suite> <!-- Suite -->
</testng-results>
