<?xml version="1.0" encoding="UTF-8"?>
<!-- Generated by org.testng.reporters.JUnitXMLReporter -->
<testsuite ignored="0" hostname="LAPTOP-D23D5UM1" failures="0" tests="3" name="HomeLoanTests" time="0.046" errors="0" timestamp="2022-09-27T12:04:21 IST">
  <testcase classname="loanapplications.HomeLoanAppTest" name="HomeLoanLoginApi" time="0.005"/>
  <testcase classname="loanapplications.HomeLoanAppTest" name="HomeLoanLoginMobile" time="0.0"/>
  <testcase classname="loanapplications.HomeLoanAppTest" name="HomeLoanLoginWeb" time="0.001"/>
</testsuite> <!-- HomeLoanTests -->
