<?xml version="1.0" encoding="UTF-8"?>
<!-- Generated by org.testng.reporters.JUnitXMLReporter -->
<testsuite ignored="1" hostname="LAPTOP-D23D5UM1" failures="0" tests="2" name="SmokeTests" time="0.064" errors="0" timestamp="2022-09-28T10:11:29 IST">
  <testcase classname="loanapplications.CarLoanAppTest" name="CarLoanLoginWeb" time="0.011"/>
  <testcase classname="loanapplications.CarLoanAppTest" name="CarLoanLoginApi" time="0.001"/>
  <testcase classname="loanapplications.CarLoanAppTest" name="CarLoanLoginMobile" time="0.0">
    <ignored/>
  </testcase> <!-- CarLoanLoginMobile -->
</testsuite> <!-- SmokeTests -->
