<?xml version="1.0" encoding="UTF-8"?>
<testng-results ignored="0" total="7" passed="7" failed="0" skipped="0">
  <reporter-output>
  </reporter-output>
  <suite started-at="2022-10-11T16:29:43 IST" name="Default suite" finished-at="2022-10-11T16:31:04 IST" duration-ms="81050">
    <groups>
    </groups>
    <test started-at="2022-10-11T16:29:43 IST" name="Default test" finished-at="2022-10-11T16:31:04 IST" duration-ms="81050">
      <class name="com.demo.FlipkartTestChrome">
        <test-method is-config="true" signature="beforeClass()[pri:0, instance:com.demo.FlipkartTestChrome@19932c16]" started-at="2022-10-11T16:29:43 IST" name="beforeClass" finished-at="2022-10-11T16:30:28 IST" duration-ms="45055" status="PASS">
          <reporter-output>
          </reporter-output>
        </test-method> <!-- beforeClass -->
        <test-method signature="closeLogin()[pri:1, instance:com.demo.FlipkartTestChrome@19932c16]" started-at="2022-10-11T16:30:28 IST" name="closeLogin" finished-at="2022-10-11T16:30:29 IST" duration-ms="843" status="PASS">
          <reporter-output>
          </reporter-output>
        </test-method> <!-- closeLogin -->
        <test-method signature="scroll()[pri:2, instance:com.demo.FlipkartTestChrome@19932c16]" started-at="2022-10-11T16:30:29 IST" name="scroll" finished-at="2022-10-11T16:30:36 IST" duration-ms="7061" status="PASS">
          <reporter-output>
          </reporter-output>
        </test-method> <!-- scroll -->
        <test-method signature="searchProduct()[pri:3, instance:com.demo.FlipkartTestChrome@19932c16]" started-at="2022-10-11T16:30:36 IST" name="searchProduct" finished-at="2022-10-11T16:30:41 IST" duration-ms="5735" status="PASS">
          <reporter-output>
          </reporter-output>
        </test-method> <!-- searchProduct -->
        <test-method signature="loadImage()[pri:4, instance:com.demo.FlipkartTestChrome@19932c16]" started-at="2022-10-11T16:30:41 IST" name="loadImage" finished-at="2022-10-11T16:30:52 IST" duration-ms="10920" status="PASS">
          <reporter-output>
          </reporter-output>
        </test-method> <!-- loadImage -->
        <test-method signature="scrollFrequency()[pri:5, instance:com.demo.FlipkartTestChrome@19932c16]" started-at="2022-10-11T16:30:52 IST" name="scrollFrequency" finished-at="2022-10-11T16:30:55 IST" duration-ms="2809" status="PASS">
          <reporter-output>
          </reporter-output>
        </test-method> <!-- scrollFrequency -->
        <test-method signature="downloadImages()[pri:6, instance:com.demo.FlipkartTestChrome@19932c16]" started-at="2022-10-11T16:30:55 IST" name="downloadImages" finished-at="2022-10-11T16:30:56 IST" duration-ms="467" status="PASS">
          <reporter-output>
          </reporter-output>
        </test-method> <!-- downloadImages -->
        <test-method signature="screenResolution()[pri:7, instance:com.demo.FlipkartTestChrome@19932c16]" started-at="2022-10-11T16:30:56 IST" name="screenResolution" finished-at="2022-10-11T16:31:04 IST" duration-ms="8100" status="PASS">
          <reporter-output>
          </reporter-output>
        </test-method> <!-- screenResolution -->
        <test-method is-config="true" signature="afterClass()[pri:0, instance:com.demo.FlipkartTestChrome@19932c16]" started-at="2022-10-11T16:31:04 IST" name="afterClass" finished-at="2022-10-11T16:31:04 IST" duration-ms="0" status="PASS">
          <reporter-output>
          </reporter-output>
        </test-method> <!-- afterClass -->
      </class> <!-- com.demo.FlipkartTestChrome -->
    </test> <!-- Default test -->
  </suite> <!-- Default suite -->
</testng-results>
